1761668767.782282 client started (1082141): version 3.5a, socket /tmp/tmux-1112/default, protocol 8
1761668767.782371 on Linux 6.12.0 #1 SMP PREEMPT Thu Oct  2 14:56:42 CEST 2025
1761668767.782394 using libevent 2.1.12-stable poll
1761668767.782397 using ncurses 6.5 20250125
1761668767.782450 flags are 0x10010000
1761668767.782484 socket is /tmp/tmux-1112/default
1761668767.782534 trying connect
1761668767.782639 add peer 0x7fc099a89740: 6 ((nil))
1761668767.783338 sending message 111 to peer 0x7fc099a89740 (8 bytes)
1761668767.783372 sending message 111 to peer 0x7fc099a89740 (8 bytes)
1761668767.783377 sending message 101 to peer 0x7fc099a89740 (15 bytes)
1761668767.783380 sending message 109 to peer 0x7fc099a89740 (4 bytes)
1761668767.783383 sending message 102 to peer 0x7fc099a89740 (11 bytes)
1761668767.783385 sending message 108 to peer 0x7fc099a89740 (40 bytes)
1761668767.783388 sending message 112 to peer 0x7fc099a89740 (58 bytes)
1761668767.783391 sending message 112 to peer 0x7fc099a89740 (5 bytes)
1761668767.783394 sending message 112 to peer 0x7fc099a89740 (5 bytes)
1761668767.783397 sending message 112 to peer 0x7fc099a89740 (6 bytes)
1761668767.783400 sending message 112 to peer 0x7fc099a89740 (6 bytes)
1761668767.783403 sending message 112 to peer 0x7fc099a89740 (11 bytes)
1761668767.783405 sending message 112 to peer 0x7fc099a89740 (10 bytes)
1761668767.783408 sending message 112 to peer 0x7fc099a89740 (13 bytes)
1761668767.783411 sending message 112 to peer 0x7fc099a89740 (14 bytes)
1761668767.783414 sending message 112 to peer 0x7fc099a89740 (19 bytes)
1761668767.783416 sending message 112 to peer 0x7fc099a89740 (11 bytes)
1761668767.783419 sending message 112 to peer 0x7fc099a89740 (10 bytes)
1761668767.783422 sending message 112 to peer 0x7fc099a89740 (15 bytes)
1761668767.783425 sending message 112 to peer 0x7fc099a89740 (21 bytes)
1761668767.783427 sending message 112 to peer 0x7fc099a89740 (13 bytes)
1761668767.783430 sending message 112 to peer 0x7fc099a89740 (7 bytes)
1761668767.783433 sending message 112 to peer 0x7fc099a89740 (13 bytes)
1761668767.783436 sending message 112 to peer 0x7fc099a89740 (7 bytes)
1761668767.783438 sending message 112 to peer 0x7fc099a89740 (13 bytes)
1761668767.783441 sending message 112 to peer 0x7fc099a89740 (9 bytes)
1761668767.783444 sending message 112 to peer 0x7fc099a89740 (21 bytes)
1761668767.783446 sending message 112 to peer 0x7fc099a89740 (13 bytes)
1761668767.783449 sending message 112 to peer 0x7fc099a89740 (9 bytes)
1761668767.783452 sending message 112 to peer 0x7fc099a89740 (16 bytes)
1761668767.783455 sending message 112 to peer 0x7fc099a89740 (13 bytes)
1761668767.783457 sending message 112 to peer 0x7fc099a89740 (9 bytes)
1761668767.783460 sending message 112 to peer 0x7fc099a89740 (9 bytes)
1761668767.783463 sending message 112 to peer 0x7fc099a89740 (12 bytes)
1761668767.783465 sending message 112 to peer 0x7fc099a89740 (8 bytes)
1761668767.783468 sending message 112 to peer 0x7fc099a89740 (8 bytes)
1761668767.783471 sending message 112 to peer 0x7fc099a89740 (13 bytes)
1761668767.783474 sending message 112 to peer 0x7fc099a89740 (7 bytes)
1761668767.783476 sending message 112 to peer 0x7fc099a89740 (7 bytes)
1761668767.783479 sending message 112 to peer 0x7fc099a89740 (9 bytes)
1761668767.783482 sending message 112 to peer 0x7fc099a89740 (9 bytes)
1761668767.783484 sending message 112 to peer 0x7fc099a89740 (15 bytes)
1761668767.783487 sending message 112 to peer 0x7fc099a89740 (13 bytes)
1761668767.783490 sending message 112 to peer 0x7fc099a89740 (12 bytes)
1761668767.783493 sending message 112 to peer 0x7fc099a89740 (8 bytes)
1761668767.783495 sending message 112 to peer 0x7fc099a89740 (14 bytes)
1761668767.783498 sending message 112 to peer 0x7fc099a89740 (11 bytes)
1761668767.783501 sending message 112 to peer 0x7fc099a89740 (9 bytes)
1761668767.783503 sending message 112 to peer 0x7fc099a89740 (10 bytes)
1761668767.783506 sending message 112 to peer 0x7fc099a89740 (10 bytes)
1761668767.783509 sending message 112 to peer 0x7fc099a89740 (10 bytes)
1761668767.783540 sending message 112 to peer 0x7fc099a89740 (10 bytes)
1761668767.783547 sending message 112 to peer 0x7fc099a89740 (11 bytes)
1761668767.783551 sending message 112 to peer 0x7fc099a89740 (12 bytes)
1761668767.783554 sending message 112 to peer 0x7fc099a89740 (12 bytes)
1761668767.783556 sending message 112 to peer 0x7fc099a89740 (12 bytes)
1761668767.783559 sending message 112 to peer 0x7fc099a89740 (12 bytes)
1761668767.783562 sending message 112 to peer 0x7fc099a89740 (12 bytes)
1761668767.783565 sending message 112 to peer 0x7fc099a89740 (11 bytes)
1761668767.783568 sending message 112 to peer 0x7fc099a89740 (11 bytes)
1761668767.783571 sending message 112 to peer 0x7fc099a89740 (12 bytes)
1761668767.783573 sending message 112 to peer 0x7fc099a89740 (12 bytes)
1761668767.783576 sending message 112 to peer 0x7fc099a89740 (12 bytes)
1761668767.783579 sending message 112 to peer 0x7fc099a89740 (12 bytes)
1761668767.783582 sending message 112 to peer 0x7fc099a89740 (12 bytes)
1761668767.783585 sending message 112 to peer 0x7fc099a89740 (9 bytes)
1761668767.783588 sending message 112 to peer 0x7fc099a89740 (12 bytes)
1761668767.783590 sending message 112 to peer 0x7fc099a89740 (13 bytes)
1761668767.783593 sending message 112 to peer 0x7fc099a89740 (13 bytes)
1761668767.783596 sending message 112 to peer 0x7fc099a89740 (13 bytes)
1761668767.783599 sending message 112 to peer 0x7fc099a89740 (13 bytes)
1761668767.783602 sending message 112 to peer 0x7fc099a89740 (13 bytes)
1761668767.783604 sending message 112 to peer 0x7fc099a89740 (8 bytes)
1761668767.783607 sending message 112 to peer 0x7fc099a89740 (11 bytes)
1761668767.783610 sending message 112 to peer 0x7fc099a89740 (11 bytes)
1761668767.783613 sending message 112 to peer 0x7fc099a89740 (11 bytes)
1761668767.783616 sending message 112 to peer 0x7fc099a89740 (12 bytes)
1761668767.783618 sending message 112 to peer 0x7fc099a89740 (12 bytes)
1761668767.783621 sending message 112 to peer 0x7fc099a89740 (12 bytes)
1761668767.783624 sending message 112 to peer 0x7fc099a89740 (12 bytes)
1761668767.783627 sending message 112 to peer 0x7fc099a89740 (13 bytes)
1761668767.783630 sending message 112 to peer 0x7fc099a89740 (13 bytes)
1761668767.783632 sending message 112 to peer 0x7fc099a89740 (13 bytes)
1761668767.783635 sending message 112 to peer 0x7fc099a89740 (8 bytes)
1761668767.783638 sending message 112 to peer 0x7fc099a89740 (13 bytes)
1761668767.783641 sending message 112 to peer 0x7fc099a89740 (13 bytes)
1761668767.783644 sending message 112 to peer 0x7fc099a89740 (13 bytes)
1761668767.783646 sending message 112 to peer 0x7fc099a89740 (13 bytes)
1761668767.783649 sending message 112 to peer 0x7fc099a89740 (13 bytes)
1761668767.783652 sending message 112 to peer 0x7fc099a89740 (12 bytes)
1761668767.783655 sending message 112 to peer 0x7fc099a89740 (12 bytes)
1761668767.783658 sending message 112 to peer 0x7fc099a89740 (12 bytes)
1761668767.783660 sending message 112 to peer 0x7fc099a89740 (12 bytes)
1761668767.783663 sending message 112 to peer 0x7fc099a89740 (13 bytes)
1761668767.783666 sending message 112 to peer 0x7fc099a89740 (8 bytes)
1761668767.783669 sending message 112 to peer 0x7fc099a89740 (13 bytes)
1761668767.783672 sending message 112 to peer 0x7fc099a89740 (13 bytes)
1761668767.783674 sending message 112 to peer 0x7fc099a89740 (13 bytes)
1761668767.783677 sending message 112 to peer 0x7fc099a89740 (13 bytes)
1761668767.783680 sending message 112 to peer 0x7fc099a89740 (13 bytes)
1761668767.783683 sending message 112 to peer 0x7fc099a89740 (13 bytes)
1761668767.783686 sending message 112 to peer 0x7fc099a89740 (13 bytes)
1761668767.783689 sending message 112 to peer 0x7fc099a89740 (12 bytes)
1761668767.783692 sending message 112 to peer 0x7fc099a89740 (12 bytes)
1761668767.783694 sending message 112 to peer 0x7fc099a89740 (12 bytes)
1761668767.783697 sending message 112 to peer 0x7fc099a89740 (8 bytes)
1761668767.783700 sending message 112 to peer 0x7fc099a89740 (12 bytes)
1761668767.783703 sending message 112 to peer 0x7fc099a89740 (13 bytes)
1761668767.783713 sending message 112 to peer 0x7fc099a89740 (13 bytes)
1761668767.783716 sending message 112 to peer 0x7fc099a89740 (13 bytes)
1761668767.783719 sending message 112 to peer 0x7fc099a89740 (13 bytes)
1761668767.783722 sending message 112 to peer 0x7fc099a89740 (13 bytes)
1761668767.783725 sending message 112 to peer 0x7fc099a89740 (13 bytes)
1761668767.783728 sending message 112 to peer 0x7fc099a89740 (13 bytes)
1761668767.783730 sending message 112 to peer 0x7fc099a89740 (13 bytes)
1761668767.783733 sending message 112 to peer 0x7fc099a89740 (12 bytes)
1761668767.783736 sending message 112 to peer 0x7fc099a89740 (10 bytes)
1761668767.783739 sending message 112 to peer 0x7fc099a89740 (12 bytes)
1761668767.783741 sending message 112 to peer 0x7fc099a89740 (12 bytes)
1761668767.783744 sending message 112 to peer 0x7fc099a89740 (12 bytes)
1761668767.783747 sending message 112 to peer 0x7fc099a89740 (13 bytes)
1761668767.783749 sending message 112 to peer 0x7fc099a89740 (13 bytes)
1761668767.783888 sending message 112 to peer 0x7fc099a89740 (13 bytes)
1761668767.783900 sending message 112 to peer 0x7fc099a89740 (13 bytes)
1761668767.783914 sending message 112 to peer 0x7fc099a89740 (13 bytes)
1761668767.783917 sending message 112 to peer 0x7fc099a89740 (13 bytes)
1761668767.783920 sending message 112 to peer 0x7fc099a89740 (13 bytes)
1761668767.783924 sending message 112 to peer 0x7fc099a89740 (10 bytes)
1761668767.783927 sending message 112 to peer 0x7fc099a89740 (13 bytes)
1761668767.783929 sending message 112 to peer 0x7fc099a89740 (12 bytes)
1761668767.783932 sending message 112 to peer 0x7fc099a89740 (12 bytes)
1761668767.783935 sending message 112 to peer 0x7fc099a89740 (12 bytes)
1761668767.783937 sending message 112 to peer 0x7fc099a89740 (10 bytes)
1761668767.783940 sending message 112 to peer 0x7fc099a89740 (10 bytes)
1761668767.783943 sending message 112 to peer 0x7fc099a89740 (10 bytes)
1761668767.783946 sending message 112 to peer 0x7fc099a89740 (12 bytes)
1761668767.783948 sending message 112 to peer 0x7fc099a89740 (13 bytes)
1761668767.783951 sending message 112 to peer 0x7fc099a89740 (13 bytes)
1761668767.783954 sending message 112 to peer 0x7fc099a89740 (13 bytes)
1761668767.783958 sending message 112 to peer 0x7fc099a89740 (13 bytes)
1761668767.783961 sending message 112 to peer 0x7fc099a89740 (13 bytes)
1761668767.783963 sending message 112 to peer 0x7fc099a89740 (10 bytes)
1761668767.783966 sending message 112 to peer 0x7fc099a89740 (11 bytes)
1761668767.783969 sending message 112 to peer 0x7fc099a89740 (12 bytes)
1761668767.783972 sending message 112 to peer 0x7fc099a89740 (12 bytes)
1761668767.783974 sending message 112 to peer 0x7fc099a89740 (12 bytes)
1761668767.783977 sending message 112 to peer 0x7fc099a89740 (12 bytes)
1761668767.783980 sending message 112 to peer 0x7fc099a89740 (12 bytes)
1761668767.783983 sending message 112 to peer 0x7fc099a89740 (11 bytes)
1761668767.783986 sending message 112 to peer 0x7fc099a89740 (12 bytes)
1761668767.783988 sending message 112 to peer 0x7fc099a89740 (12 bytes)
1761668767.783991 sending message 112 to peer 0x7fc099a89740 (13 bytes)
1761668767.783994 sending message 112 to peer 0x7fc099a89740 (13 bytes)
1761668767.783996 sending message 112 to peer 0x7fc099a89740 (13 bytes)
1761668767.783999 sending message 112 to peer 0x7fc099a89740 (13 bytes)
1761668767.784002 sending message 112 to peer 0x7fc099a89740 (13 bytes)
1761668767.784005 sending message 112 to peer 0x7fc099a89740 (10 bytes)
1761668767.784007 sending message 112 to peer 0x7fc099a89740 (9 bytes)
1761668767.784010 sending message 112 to peer 0x7fc099a89740 (12 bytes)
1761668767.784013 sending message 112 to peer 0x7fc099a89740 (13 bytes)
1761668767.784015 sending message 112 to peer 0x7fc099a89740 (13 bytes)
1761668767.784018 sending message 112 to peer 0x7fc099a89740 (13 bytes)
1761668767.784021 sending message 112 to peer 0x7fc099a89740 (13 bytes)
1761668767.784024 sending message 112 to peer 0x7fc099a89740 (13 bytes)
1761668767.784026 sending message 112 to peer 0x7fc099a89740 (9 bytes)
1761668767.784038 sending message 112 to peer 0x7fc099a89740 (12 bytes)
1761668767.784042 sending message 112 to peer 0x7fc099a89740 (13 bytes)
1761668767.784044 sending message 112 to peer 0x7fc099a89740 (13 bytes)
1761668767.784047 sending message 112 to peer 0x7fc099a89740 (13 bytes)
1761668767.784050 sending message 112 to peer 0x7fc099a89740 (13 bytes)
1761668767.784053 sending message 112 to peer 0x7fc099a89740 (13 bytes)
1761668767.784055 sending message 112 to peer 0x7fc099a89740 (11 bytes)
1761668767.784058 sending message 112 to peer 0x7fc099a89740 (12 bytes)
1761668767.784061 sending message 112 to peer 0x7fc099a89740 (13 bytes)
1761668767.784064 sending message 112 to peer 0x7fc099a89740 (13 bytes)
1761668767.784066 sending message 112 to peer 0x7fc099a89740 (13 bytes)
1761668767.784069 sending message 112 to peer 0x7fc099a89740 (13 bytes)
1761668767.784072 sending message 112 to peer 0x7fc099a89740 (13 bytes)
1761668767.784075 sending message 112 to peer 0x7fc099a89740 (11 bytes)
1761668767.784077 sending message 112 to peer 0x7fc099a89740 (12 bytes)
1761668767.784080 sending message 112 to peer 0x7fc099a89740 (12 bytes)
1761668767.784083 sending message 112 to peer 0x7fc099a89740 (12 bytes)
1761668767.784085 sending message 112 to peer 0x7fc099a89740 (12 bytes)
1761668767.784088 sending message 112 to peer 0x7fc099a89740 (12 bytes)
1761668767.784091 sending message 112 to peer 0x7fc099a89740 (21 bytes)
1761668767.784093 sending message 112 to peer 0x7fc099a89740 (12 bytes)
1761668767.784096 sending message 112 to peer 0x7fc099a89740 (9 bytes)
1761668767.784099 sending message 112 to peer 0x7fc099a89740 (6 bytes)
1761668767.784106 sending message 112 to peer 0x7fc099a89740 (13 bytes)
1761668767.784110 sending message 112 to peer 0x7fc099a89740 (10 bytes)
1761668767.784114 sending message 112 to peer 0x7fc099a89740 (24 bytes)
1761668767.784118 sending message 112 to peer 0x7fc099a89740 (13 bytes)
1761668767.784124 sending message 112 to peer 0x7fc099a89740 (9 bytes)
1761668767.784127 sending message 112 to peer 0x7fc099a89740 (70 bytes)
1761668767.784130 sending message 112 to peer 0x7fc099a89740 (69 bytes)
1761668767.784133 sending message 112 to peer 0x7fc099a89740 (12 bytes)
1761668767.784137 sending message 112 to peer 0x7fc099a89740 (10 bytes)
1761668767.784140 sending message 112 to peer 0x7fc099a89740 (10 bytes)
1761668767.784142 sending message 112 to peer 0x7fc099a89740 (24 bytes)
1761668767.784145 sending message 112 to peer 0x7fc099a89740 (13 bytes)
1761668767.784148 sending message 112 to peer 0x7fc099a89740 (10 bytes)
1761668767.784151 sending message 112 to peer 0x7fc099a89740 (10 bytes)
1761668767.784153 sending message 112 to peer 0x7fc099a89740 (10 bytes)
1761668767.784156 sending message 112 to peer 0x7fc099a89740 (13 bytes)
1761668767.784159 sending message 112 to peer 0x7fc099a89740 (15 bytes)
1761668767.784161 sending message 112 to peer 0x7fc099a89740 (5 bytes)
1761668767.784166 sending message 104 to peer 0x7fc099a89740 (0 bytes)
1761668767.784169 sending message 110 to peer 0x7fc099a89740 (0 bytes)
1761668767.784174 sending message 107 to peer 0x7fc099a89740 (4 bytes)
1761668767.784177 sending message 105 to peer 0x7fc099a89740 (16 bytes)
1761668767.784180 sending message 105 to peer 0x7fc099a89740 (80 bytes)
1761668767.784183 sending message 105 to peer 0x7fc099a89740 (27 bytes)
1761668767.784185 sending message 105 to peer 0x7fc099a89740 (19 bytes)
1761668767.784188 sending message 105 to peer 0x7fc099a89740 (20 bytes)
1761668767.784191 sending message 105 to peer 0x7fc099a89740 (12 bytes)
1761668767.784194 sending message 105 to peer 0x7fc099a89740 (49 bytes)
1761668767.784196 sending message 105 to peer 0x7fc099a89740 (58 bytes)
1761668767.784199 sending message 105 to peer 0x7fc099a89740 (22 bytes)
1761668767.784202 sending message 105 to peer 0x7fc099a89740 (26 bytes)
1761668767.784205 sending message 105 to peer 0x7fc099a89740 (35 bytes)
1761668767.784207 sending message 105 to peer 0x7fc099a89740 (49 bytes)
1761668767.784210 sending message 105 to peer 0x7fc099a89740 (38 bytes)
1761668767.784220 sending message 105 to peer 0x7fc099a89740 (15 bytes)
1761668767.784223 sending message 105 to peer 0x7fc099a89740 (14 bytes)
1761668767.784227 sending message 105 to peer 0x7fc099a89740 (57 bytes)
1761668767.784229 sending message 105 to peer 0x7fc099a89740 (36 bytes)
1761668767.784232 sending message 105 to peer 0x7fc099a89740 (47 bytes)
1761668767.784235 sending message 105 to peer 0x7fc099a89740 (22 bytes)
1761668767.784238 sending message 105 to peer 0x7fc099a89740 (46 bytes)
1761668767.784241 sending message 105 to peer 0x7fc099a89740 (69 bytes)
1761668767.784243 sending message 105 to peer 0x7fc099a89740 (27 bytes)
1761668767.784246 sending message 105 to peer 0x7fc099a89740 (101 bytes)
1761668767.784249 sending message 105 to peer 0x7fc099a89740 (21 bytes)
1761668767.784252 sending message 105 to peer 0x7fc099a89740 (19 bytes)
1761668767.784254 sending message 105 to peer 0x7fc099a89740 (19 bytes)
1761668767.784257 sending message 105 to peer 0x7fc099a89740 (12 bytes)
1761668767.784260 sending message 105 to peer 0x7fc099a89740 (16 bytes)
1761668767.784263 sending message 105 to peer 0x7fc099a89740 (28 bytes)
1761668767.784265 sending message 105 to peer 0x7fc099a89740 (15 bytes)
1761668767.784268 sending message 105 to peer 0x7fc099a89740 (44 bytes)
1761668767.784271 sending message 105 to peer 0x7fc099a89740 (25 bytes)
1761668767.784275 sending message 105 to peer 0x7fc099a89740 (17 bytes)
1761668767.784277 sending message 105 to peer 0x7fc099a89740 (21 bytes)
1761668767.784280 sending message 105 to peer 0x7fc099a89740 (12 bytes)
1761668767.784286 sending message 105 to peer 0x7fc099a89740 (45 bytes)
1761668767.784290 sending message 105 to peer 0x7fc099a89740 (52 bytes)
1761668767.784294 sending message 105 to peer 0x7fc099a89740 (21 bytes)
1761668767.784296 sending message 105 to peer 0x7fc099a89740 (27 bytes)
1761668767.784299 sending message 105 to peer 0x7fc099a89740 (18 bytes)
1761668767.784302 sending message 105 to peer 0x7fc099a89740 (17 bytes)
1761668767.784305 sending message 105 to peer 0x7fc099a89740 (13 bytes)
1761668767.784308 sending message 105 to peer 0x7fc099a89740 (59 bytes)
1761668767.784311 sending message 105 to peer 0x7fc099a89740 (25 bytes)
1761668767.784313 sending message 105 to peer 0x7fc099a89740 (19 bytes)
1761668767.784316 sending message 105 to peer 0x7fc099a89740 (23 bytes)
1761668767.784319 sending message 105 to peer 0x7fc099a89740 (32 bytes)
1761668767.784325 sending message 105 to peer 0x7fc099a89740 (65 bytes)
1761668767.784328 sending message 105 to peer 0x7fc099a89740 (52 bytes)
1761668767.784331 sending message 105 to peer 0x7fc099a89740 (41 bytes)
1761668767.784334 sending message 105 to peer 0x7fc099a89740 (54 bytes)
1761668767.784337 sending message 105 to peer 0x7fc099a89740 (17 bytes)
1761668767.784339 sending message 105 to peer 0x7fc099a89740 (38 bytes)
1761668767.784342 sending message 105 to peer 0x7fc099a89740 (44 bytes)
1761668767.784345 sending message 105 to peer 0x7fc099a89740 (14 bytes)
1761668767.784348 sending message 105 to peer 0x7fc099a89740 (53 bytes)
1761668767.784351 sending message 105 to peer 0x7fc099a89740 (54 bytes)
1761668767.784353 sending message 105 to peer 0x7fc099a89740 (23 bytes)
1761668767.784356 sending message 105 to peer 0x7fc099a89740 (20 bytes)
1761668767.784359 sending message 105 to peer 0x7fc099a89740 (53 bytes)
1761668767.784362 sending message 105 to peer 0x7fc099a89740 (28 bytes)
1761668767.784365 sending message 105 to peer 0x7fc099a89740 (17 bytes)
1761668767.784367 sending message 105 to peer 0x7fc099a89740 (14 bytes)
1761668767.784370 sending message 105 to peer 0x7fc099a89740 (13 bytes)
1761668767.784375 sending message 105 to peer 0x7fc099a89740 (22 bytes)
1761668767.784379 sending message 105 to peer 0x7fc099a89740 (13 bytes)
1761668767.784382 sending message 105 to peer 0x7fc099a89740 (8 bytes)
1761668767.784385 sending message 105 to peer 0x7fc099a89740 (11 bytes)
1761668767.784387 sending message 105 to peer 0x7fc099a89740 (22 bytes)
1761668767.784390 sending message 105 to peer 0x7fc099a89740 (18 bytes)
1761668767.784401 sending message 105 to peer 0x7fc099a89740 (84 bytes)
1761668767.784405 sending message 105 to peer 0x7fc099a89740 (70 bytes)
1761668767.784408 sending message 105 to peer 0x7fc099a89740 (31 bytes)
1761668767.784410 sending message 105 to peer 0x7fc099a89740 (36 bytes)
1761668767.784413 sending message 105 to peer 0x7fc099a89740 (17 bytes)
1761668767.784416 sending message 105 to peer 0x7fc099a89740 (30 bytes)
1761668767.784419 sending message 105 to peer 0x7fc099a89740 (59 bytes)
1761668767.784423 sending message 105 to peer 0x7fc099a89740 (1229 bytes)
1761668767.784426 sending message 105 to peer 0x7fc099a89740 (45 bytes)
1761668767.784429 sending message 105 to peer 0x7fc099a89740 (16 bytes)
1761668767.784432 sending message 105 to peer 0x7fc099a89740 (54 bytes)
1761668767.784435 sending message 105 to peer 0x7fc099a89740 (17 bytes)
1761668767.784438 sending message 105 to peer 0x7fc099a89740 (41 bytes)
1761668767.784441 sending message 105 to peer 0x7fc099a89740 (62 bytes)
1761668767.784444 sending message 105 to peer 0x7fc099a89740 (77 bytes)
1761668767.784446 sending message 105 to peer 0x7fc099a89740 (15 bytes)
1761668767.784449 sending message 105 to peer 0x7fc099a89740 (36 bytes)
1761668767.784452 sending message 105 to peer 0x7fc099a89740 (18 bytes)
1761668767.784455 sending message 105 to peer 0x7fc099a89740 (93 bytes)
1761668767.784458 sending message 106 to peer 0x7fc099a89740 (0 bytes)
1761668767.784605 sending message 200 to peer 0x7fc099a89740 (4 bytes)
1761668767.784653 client loop enter
1761668767.785114 peer 0x7fc099a89740 message 303
1761668767.785143 open write file 2 -
1761668767.785158 sending message 305 to peer 0x7fc099a89740 (8 bytes)
1761668767.785172 write check file 2
1761668767.785381 peer 0x7fc099a89740 message 304
1761668767.785397 write 58 to file 2
1761668767.785404 peer 0x7fc099a89740 message 203
1761668767.785413 file 2 58 bytes left
1761668767.785442 write check file 2
1761668767.785451 client loop exit
