--- Startup times for process: Primary/TUI ---

times in msec
 clock   self+sourced   self:  sourced script
 clock   elapsed:              other lines

000.003  000.003: --- NVIM STARTING ---
000.201  000.198: event init
000.286  000.085: early init
000.352  000.066: locale set
000.402  000.050: init first window
000.676  000.275: inits 1
000.686  000.009: window checked
000.688  000.002: parsing arguments
001.121  000.041  000.041: require('vim.shared')
001.193  000.036  000.036: require('vim.inspect')
001.235  000.033  000.033: require('vim._options')
001.236  000.112  000.043: require('vim._editor')
001.237  000.179  000.026: require('vim._init_packages')
001.242  000.375: init lua interpreter
002.584  001.342: --- NVIM STARTED ---

--- Startup times for process: Embedded ---

times in msec
 clock   self+sourced   self:  sourced script
 clock   elapsed:              other lines

000.002  000.002: --- NVIM STARTING ---
000.220  000.218: event init
000.315  000.095: early init
000.403  000.089: locale set
000.461  000.058: init first window
000.742  000.281: inits 1
000.761  000.019: window checked
000.764  000.003: parsing arguments
001.165  000.036  000.036: require('vim.shared')
001.233  000.036  000.036: require('vim.inspect')
001.282  000.040  000.040: require('vim._options')
001.283  000.116  000.040: require('vim._editor')
001.284  000.186  000.034: require('vim._init_packages')
001.289  000.339: init lua interpreter
001.397  000.108: expanding arguments
001.417  000.020: inits 2
001.651  000.235: init highlight
001.653  000.001: waiting for UI
001.775  000.122: done waiting for UI
001.778  000.003: clear screen
001.835  000.004  000.004: require('vim.keymap')
003.457  001.328  001.328: require('vim.termcap')
003.585  000.072  000.072: require('vim.text')
003.727  001.947  000.543: require('vim._defaults')
003.729  000.004: init default mappings & autocommands
003.799  000.070: --cmd commands
003.900  000.046  000.046: sourcing /nix/store/0pws6w23nrgffih3w54ncqmxkxjy2r14-neovim-unwrapped-0.10.2/share/nvim/runtime/ftplugin.vim
004.003  000.024  000.024: sourcing /nix/store/0pws6w23nrgffih3w54ncqmxkxjy2r14-neovim-unwrapped-0.10.2/share/nvim/runtime/indent.vim
005.675  000.008  000.008: require('vim.F')
005.708  001.150  001.142: require('vim.diagnostic')
005.728  001.411  000.260: require('user.options')
007.127  001.291  001.291: require('lazy')
007.154  000.014  000.014: require('ffi')
007.195  000.018  000.018: require('vim.fs')
007.386  000.151  000.151: require('vim.uri')
007.399  000.243  000.073: require('vim.loader')
007.663  000.244  000.244: require('lazy.stats')
007.872  000.191  000.191: require('lazy.core.util')
008.067  000.193  000.193: require('lazy.core.config')
008.398  000.209  000.209: require('lazy.core.handler')
008.606  000.063  000.063: require('lazy.pkg')
008.609  000.122  000.059: require('lazy.core.meta')
008.613  000.213  000.091: require('lazy.core.plugin')
008.618  000.549  000.126: require('lazy.core.loader')
008.919  000.063  000.063: require('lazy.core.fragments')
015.574  000.069  000.069: require('lazy.core.handler.event')
015.621  000.042  000.042: require('lazy.core.handler.ft')
015.671  000.045  000.045: require('lazy.core.handler.cmd')
015.734  000.061  000.061: require('lazy.core.handler.keys')
018.682  000.058  000.058: sourcing /home/nclshrnk/.config/nvim/after/ftdetect/ocamlinterface.lua
018.787  000.063  000.063: sourcing /home/nclshrnk/.config/nvim/after/ftdetect/reason.lua
018.810  000.568  000.447: sourcing /nix/store/0pws6w23nrgffih3w54ncqmxkxjy2r14-neovim-unwrapped-0.10.2/share/nvim/runtime/filetype.lua
020.767  000.481  000.481: require('snacks')
020.769  000.534  000.053: sourcing /home/nclshrnk/.local/share/nvim/lazy/snacks.nvim/plugin/snacks.lua
020.972  002.102  001.569: require('snacks')
023.190  000.081  000.081: require('vim.treesitter.language')
023.263  000.070  000.070: require('vim.func')
023.312  000.045  000.045: require('vim.func._memoize')
023.326  000.321  000.126: require('vim.treesitter.query')
023.369  000.041  000.041: require('vim.treesitter._range')
023.385  000.467  000.105: require('vim.treesitter.languagetree')
023.389  000.695  000.229: require('vim.treesitter')
023.392  000.775  000.080: require('nvim-treesitter.compat')
024.749  001.186  001.186: require('nvim-treesitter.parsers')
024.851  000.099  000.099: require('nvim-treesitter.utils')
024.860  001.387  000.102: require('nvim-treesitter.ts_utils')
024.866  001.472  000.086: require('nvim-treesitter.tsrange')
024.955  000.088  000.088: require('nvim-treesitter.caching')
024.972  002.475  000.140: require('nvim-treesitter.query')
024.996  002.640  000.165: require('nvim-treesitter.configs')
025.000  003.226  000.586: require('nvim-treesitter-textobjects')
025.325  000.105  000.105: require('nvim-treesitter.info')
025.467  000.140  000.140: require('nvim-treesitter.shell_command_selectors')
025.508  000.432  000.188: require('nvim-treesitter.install')
025.607  000.097  000.097: require('nvim-treesitter.statusline')
025.701  000.092  000.092: require('nvim-treesitter.query_predicates')
025.704  000.703  000.081: require('nvim-treesitter')
025.893  000.115  000.115: require('nvim-treesitter.textobjects.shared')
025.904  000.193  000.077: require('nvim-treesitter.textobjects.select')
026.102  000.080  000.080: require('nvim-treesitter.textobjects.attach')
026.220  000.115  000.115: require('nvim-treesitter.textobjects.repeatable_move')
026.229  000.296  000.102: require('nvim-treesitter.textobjects.move')
026.615  000.089  000.089: require('nvim-treesitter.textobjects.swap')
026.799  000.115  000.115: require('nvim-treesitter.textobjects.lsp_interop')
026.825  005.067  000.446: sourcing /home/nclshrnk/.local/share/nvim/lazy/nvim-treesitter-textobjects/plugin/nvim-treesitter-textobjects.vim
028.633  001.560  001.560: require('vim.filetype')
028.649  001.667  000.107: sourcing /home/nclshrnk/.local/share/nvim/lazy/tree-sitter-nu/plugin/init.lua
029.453  000.706  000.706: sourcing /home/nclshrnk/.local/share/nvim/lazy/nvim-treesitter/plugin/nvim-treesitter.lua
037.254  000.106  000.106: require('nvim-treesitter.indent')
037.458  000.059  000.059: require('nvim-treesitter.locals')
037.462  000.138  000.079: require('nvim-treesitter.incremental_selection')
037.532  000.046  000.046: require('nvim-treesitter.highlight')
038.345  000.050  000.050: require('luasnip.util.types')
038.348  000.115  000.064: require('luasnip.util.ext_opts')
038.507  000.042  000.042: require('luasnip.util.lazy_table')
038.553  000.044  000.044: require('luasnip.extras.filetype_functions')
038.559  000.162  000.077: require('luasnip.default_config')
038.561  000.211  000.049: require('luasnip.session')
038.563  000.721  000.395: require('luasnip.config')
038.995  000.060  000.060: require('luasnip.util.util')
039.077  000.029  000.029: require('luasnip.nodes.key_indexer')
039.110  000.031  000.031: require('luasnip.util.feedkeys')
039.113  000.115  000.055: require('luasnip.nodes.util')
039.203  000.040  000.040: require('luasnip.session.snippet_collection.source')
039.237  000.032  000.032: require('luasnip.util.table')
039.273  000.035  000.035: require('luasnip.util.auto_table')
039.278  000.164  000.057: require('luasnip.session.snippet_collection')
039.386  000.038  000.038: require('luasnip.util.select')
039.415  000.027  000.027: require('luasnip.util.time')
039.736  000.423  000.357: require('luasnip.util._builtin_vars')
039.799  000.520  000.097: require('luasnip.util.environ')
039.858  000.057  000.057: require('luasnip.util.extend_decorator')
039.998  000.077  000.077: require('luasnip.util.path')
040.115  000.060  000.060: require('luasnip.util.log')
040.123  000.123  000.063: require('luasnip.loaders.util')
040.163  000.039  000.039: require('luasnip.loaders.data')
040.239  000.076  000.076: require('luasnip.loaders.fs_watchers')
040.242  000.383  000.068: require('luasnip.loaders')
040.260  001.695  000.396: require('luasnip')
040.273  002.565  000.149: sourcing /home/nclshrnk/.local/share/nvim/lazy/LuaSnip/plugin/luasnip.lua
040.342  000.024  000.024: sourcing /home/nclshrnk/.local/share/nvim/lazy/LuaSnip/plugin/luasnip.vim
042.990  000.035  000.035: require('nvim-ts-autotag._log')
043.030  000.037  000.037: require('nvim-ts-autotag.config.init')
043.177  000.045  000.045: require('nvim-ts-autotag.utils')
043.180  000.089  000.044: require('nvim-ts-autotag.config.ft')
043.182  000.150  000.061: require('nvim-ts-autotag.config.plugin')
043.187  000.297  000.075: require('nvim-ts-autotag.internal')
043.189  000.892  000.596: require('nvim-ts-autotag')
043.245  000.984  000.092: sourcing /home/nclshrnk/.local/share/nvim/lazy/nvim-ts-autotag/plugin/nvim-ts-autotag.lua
043.989  000.498  000.498: require('cmp.utils.api')
044.066  000.034  000.034: require('cmp.types.cmp')
044.165  000.050  000.050: require('cmp.utils.misc')
044.176  000.108  000.058: require('cmp.types.lsp')
044.212  000.035  000.035: require('cmp.types.vim')
044.214  000.222  000.045: require('cmp.types')
044.252  000.037  000.037: require('cmp.utils.highlight')
044.320  000.031  000.031: require('cmp.utils.debug')
044.324  000.071  000.040: require('cmp.utils.autocmd')
044.624  001.179  000.352: sourcing /home/nclshrnk/.local/share/nvim/lazy/nvim-cmp/plugin/cmp.lua
045.244  000.092  000.092: require('nvim-autopairs._log')
045.310  000.064  000.064: require('nvim-autopairs.utils')
045.546  000.111  000.111: require('nvim-autopairs.conds')
045.554  000.183  000.072: require('nvim-autopairs.rule')
045.556  000.244  000.061: require('nvim-autopairs.rules.basic')
045.566  000.511  000.111: require('nvim-autopairs')
045.635  000.067  000.067: require('nvim-autopairs.completion.handlers')
046.108  000.114  000.114: require('cmp.utils.char')
046.116  000.225  000.111: require('cmp.utils.str')
046.379  000.103  000.103: require('cmp.utils.buffer')
046.389  000.208  000.105: require('cmp.utils.keymap')
046.393  000.275  000.067: require('cmp.utils.feedkeys')
046.652  000.094  000.094: require('cmp.config.mapping')
046.701  000.047  000.047: require('cmp.utils.cache')
046.837  000.079  000.079: require('cmp.config.compare')
046.839  000.136  000.057: require('cmp.config.default')
046.858  000.390  000.113: require('cmp.config')
046.868  000.474  000.084: require('cmp.utils.async')
046.982  000.061  000.061: require('cmp.utils.pattern')
046.986  000.117  000.056: require('cmp.context')
047.342  000.182  000.182: require('cmp.utils.snippet')
047.421  000.076  000.076: require('cmp.matcher')
047.434  000.374  000.115: require('cmp.entry')
047.441  000.454  000.081: require('cmp.source')
047.568  000.056  000.056: require('cmp.utils.event')
047.768  000.067  000.067: require('cmp.utils.options')
047.773  000.148  000.080: require('cmp.utils.window')
047.775  000.205  000.057: require('cmp.view.docs_view')
047.892  000.117  000.117: require('cmp.view.custom_entries_view')
048.105  000.211  000.211: require('cmp.view.wildmenu_entries_view')
048.245  000.138  000.138: require('cmp.view.native_entries_view')
048.379  000.133  000.133: require('cmp.view.ghost_text_view')
048.394  000.951  000.091: require('cmp.view')
049.337  003.591  001.094: require('cmp.core')
049.525  000.061  000.061: require('cmp.config.sources')
049.581  000.053  000.053: require('cmp.config.window')
049.627  003.990  000.285: require('cmp')
049.640  004.995  000.427: require('nvim-autopairs.completion.cmp')
049.722  000.081  000.081: require('lspkind')
050.163  000.033  000.033: require('luasnip.session.enqueueable_operations')
050.332  000.029  000.029: require('luasnip.util.events')
050.340  000.077  000.048: require('luasnip.nodes.node')
050.445  000.104  000.104: require('luasnip.nodes.insertNode')
050.490  000.043  000.043: require('luasnip.nodes.textNode')
050.528  000.036  000.036: require('luasnip.util.mark')
050.560  000.031  000.031: require('luasnip.util.pattern_tokenizer')
050.589  000.028  000.028: require('luasnip.util.dict')
053.507  002.886  002.886: require('luasnip.util.jsregexp')
053.511  002.920  000.034: require('luasnip.nodes.util.trig_engines')
053.533  003.331  000.091: require('luasnip.nodes.snippet')
053.650  000.033  000.033: require('luasnip.util.parser.neovim_ast')
053.685  000.033  000.033: require('luasnip.util.str')
054.205  000.518  000.518: require('luasnip.util.jsregexp')
054.270  000.063  000.063: require('luasnip.util.directed_graph')
054.273  000.692  000.046: require('luasnip.util.parser.ast_utils')
054.320  000.045  000.045: require('luasnip.nodes.functionNode')
054.380  000.058  000.058: require('luasnip.nodes.choiceNode')
054.430  000.048  000.048: require('luasnip.nodes.dynamicNode')
054.462  000.031  000.031: require('luasnip.util.functions')
054.466  000.931  000.056: require('luasnip.util.parser.ast_parser')
054.519  000.053  000.053: require('luasnip.util.parser.neovim_parser')
054.523  004.357  000.043: require('luasnip.util.parser')
054.556  000.032  000.032: require('luasnip.nodes.snippetProxy')
054.662  000.104  000.104: require('luasnip.util.jsonc')
054.737  000.030  000.030: require('luasnip.nodes.duplicate')
054.739  000.074  000.044: require('luasnip.loaders.snippet_cache')
054.744  004.676  000.075: require('luasnip.loaders.from_vscode')
058.302  000.042  000.042: require('luasnip.nodes.multiSnippet')
059.859  000.353  000.353: require('vim.lsp.protocol')
060.433  000.069  000.069: sourcing /home/nclshrnk/.local/share/nvim/lazy/tabout.nvim/plugin/tabout.lua
060.583  000.035  000.035: require('tabout.config')
060.585  000.071  000.036: require('tabout.logger')
060.627  000.041  000.041: require('tabout.utils')
060.736  000.054  000.054: require('tabout.node')
060.739  000.110  000.057: require('tabout.tab')
060.742  000.285  000.063: require('tabout')
061.801  000.401  000.401: require('render-markdown')
061.980  000.043  000.043: require('render-markdown.core.range')
062.049  000.067  000.067: require('render-markdown.core.util')
062.052  000.155  000.045: require('render-markdown.config')
062.111  000.057  000.057: require('render-markdown.core.log')
062.152  000.039  000.039: require('render-markdown.presets')
062.190  000.037  000.037: require('render-markdown.core.treesitter')
062.193  000.389  000.101: require('render-markdown.state')
062.431  000.044  000.044: require('render-markdown.core.buffer_state')
062.636  000.078  000.078: require('render-markdown.lib.str')
062.640  000.148  000.070: require('render-markdown.core.conceal')
062.726  000.085  000.085: require('render-markdown.lib.node')
062.733  000.300  000.067: require('render-markdown.core.context')
062.784  000.050  000.050: require('render-markdown.core.extmark')
062.838  000.053  000.053: require('render-markdown.lib.iter')
062.961  000.060  000.060: require('render-markdown.lib.list')
062.964  000.124  000.063: require('render-markdown.handler.html')
063.037  000.072  000.072: require('render-markdown.handler.latex')
063.097  000.058  000.058: require('render-markdown.handler.markdown')
063.157  000.059  000.059: require('render-markdown.handler.markdown_inline')
063.164  000.843  000.084: require('render-markdown.core.ui')
063.222  000.057  000.057: require('render-markdown.colors')
063.491  000.078  000.078: require('render-markdown.manager')
063.495  000.144  000.067: require('render-markdown.api')
063.496  000.202  000.058: require('render-markdown.command')
063.702  000.060  000.060: require('render-markdown.integ.source')
063.705  000.117  000.058: require('render-markdown.integ.cmp')
063.728  002.385  000.375: sourcing /home/nclshrnk/.local/share/nvim/lazy/render-markdown.nvim/plugin/render-markdown.lua
064.363  000.051  000.051: require('nvim-tmux-navigation.tmux_util')
064.405  000.511  000.460: require('nvim-tmux-navigation')
064.656  000.074  000.074: sourcing /home/nclshrnk/.local/share/nvim/lazy/vim-maximizer/plugin/maximizer.vim
065.180  000.120  000.120: sourcing /home/nclshrnk/.local/share/nvim/lazy/undotree/plugin/undotree.vim
066.314  000.726  000.726: require('mini.surround')
067.290  000.058  000.058: require('cyberdream.colors')
067.506  000.154  000.154: require('cyberdream.config')
067.514  000.221  000.068: require('cyberdream.util')
067.515  000.338  000.059: require('cyberdream.theme')
067.528  000.848  000.510: require('cyberdream')
068.697  000.173  000.173: require('rose-pine.config')
068.702  001.028  000.855: require('rose-pine')
069.514  000.063  000.063: require('neogen.config')
069.578  000.062  000.062: require('neogen.utilities.helpers')
069.650  000.070  000.070: require('neogen.mark')
069.657  000.690  000.495: require('neogen')
070.256  000.121  000.121: sourcing /home/nclshrnk/.local/share/nvim/lazy/nvim-dap/plugin/dap.lua
072.623  000.619  000.619: require('dap.utils')
072.768  001.929  001.310: require('dap')
073.184  000.149  000.149: require('nio.tasks')
073.246  000.059  000.059: require('nio.control')
073.342  000.095  000.095: require('nio.uv')
073.393  000.050  000.050: require('nio.tests')
073.474  000.044  000.044: require('vim.ui')
073.480  000.085  000.041: require('nio.ui')
073.557  000.040  000.040: require('nio.streams')
073.559  000.078  000.038: require('nio.file')
073.678  000.034  000.034: require('nio.util')
073.714  000.112  000.078: require('nio.logger')
073.719  000.159  000.048: require('nio.lsp')
073.772  000.052  000.052: require('nio.process')
073.780  000.897  000.171: require('nio')
074.114  000.069  000.069: require('dapui.config.highlights')
074.286  000.382  000.313: require('dapui.config')
074.293  000.442  000.060: require('dapui.util')
074.349  000.054  000.054: require('dapui.windows.layout')
074.353  000.572  000.076: require('dapui.windows')
074.415  000.061  000.061: require('dapui.controls')
074.421  001.650  000.120: require('dapui')
074.780  000.058  000.058: require('dapui.client.types')
074.790  000.150  000.092: require('dapui.client')
074.841  000.049  000.049: require('dap.breakpoints')
074.890  000.041  000.041: require('dapui.client.lib')
074.975  000.046  000.046: require('dapui.render.canvas')
074.977  000.082  000.036: require('dapui.elements.breakpoints')
075.044  000.044  000.044: require('dapui.components.breakpoints')
075.101  000.042  000.042: require('dapui.elements.repl')
075.147  000.043  000.043: require('dapui.elements.scopes')
075.228  000.069  000.069: require('dapui.components.scopes')
075.276  000.046  000.046: require('dapui.components.variables')
075.329  000.045  000.045: require('dapui.elements.stacks')
075.436  000.044  000.044: require('dapui.components.frames')
075.439  000.096  000.051: require('dapui.components.threads')
075.491  000.042  000.042: require('dapui.elements.watches')
075.545  000.043  000.043: require('dapui.components.watches')
075.591  000.037  000.037: require('dapui.elements.hover')
075.641  000.039  000.039: require('dapui.components.hover')
075.685  000.039  000.039: require('dapui.elements.console')
076.305  000.042  000.042: require('ltex-client.utils')
076.353  000.045  000.045: require('ltex-client.server')
076.401  000.046  000.046: require('ltex-client.dictionary')
076.488  000.046  000.046: require('ltex-client.commands.set_document_language')
076.567  000.042  000.042: require('ltex-client.ui')
076.569  000.079  000.037: require('ltex-client.commands.status')
076.570  000.168  000.043: require('ltex-client.commands.all')
076.574  000.755  000.454: require('ltex-client')
076.769  000.063  000.063: require('vim.lsp.log')
077.023  000.139  000.139: require('vim.lsp._snippet_grammar')
077.076  000.050  000.050: require('vim.highlight')
077.087  000.314  000.125: require('vim.lsp.util')
077.177  000.043  000.043: require('vim.lsp.sync')
077.182  000.093  000.050: require('vim.lsp._changetracking')
077.259  000.075  000.075: require('vim.lsp.rpc')
077.320  000.707  000.161: require('vim.lsp')
077.426  000.099  000.099: require('vim.lsp.handlers')
078.015  000.027  000.027: sourcing /home/nclshrnk/.local/share/nvim/lazy/plenary.nvim/plugin/plenary.vim
078.776  000.047  000.047: require('obsidian.log')
078.780  000.737  000.690: require('obsidian')
079.002  000.043  000.043: require('obsidian.compat')
079.004  000.082  000.039: require('obsidian.itertools')
079.014  000.165  000.083: require('obsidian.util')
079.019  000.233  000.069: require('obsidian.config')
079.062  000.040  000.040: require('obsidian.mappings')
079.460  000.036  000.036: require('obsidian.abc')
079.469  000.141  000.105: require('obsidian.path')
079.626  000.028  000.028: require('plenary.tbl')
079.629  000.058  000.031: require('plenary.vararg.rotate')
079.631  000.092  000.034: require('plenary.vararg')
079.668  000.036  000.036: require('plenary.errors')
079.701  000.031  000.031: require('plenary.functional')
079.703  000.196  000.036: require('plenary.async.async')
079.823  000.029  000.029: require('plenary.async.structs')
079.827  000.065  000.036: require('plenary.async.control')
079.831  000.098  000.033: require('plenary.async.util')
079.832  000.128  000.029: require('plenary.async.tests')
079.834  000.363  000.039: require('plenary.async')
080.009  000.047  000.047: require('plenary.compat')
080.014  000.095  000.048: require('plenary.job')
080.096  000.214  000.120: require('obsidian.async')
080.134  000.036  000.036: require('plenary.context_manager')
080.244  000.032  000.032: require('obsidian.yaml.line')
080.250  000.079  000.047: require('obsidian.yaml.parser')
080.252  000.116  000.037: require('obsidian.yaml')
080.445  000.036  000.036: require('plenary.bit')
080.465  000.127  000.091: require('plenary.path')
081.128  000.833  000.706: require('plenary.scandir')
081.151  000.898  000.065: require('obsidian.search')
081.158  001.323  000.058: require('obsidian.note')
081.228  000.068  000.068: require('obsidian.workspace')
081.266  000.037  000.037: require('obsidian.callbacks')
081.292  002.102  000.169: require('obsidian.client')
082.509  000.087  000.087: require('obsidian.commands')
082.660  000.040  000.040: require('obsidian.completion.refs')
082.665  000.105  000.065: require('cmp_obsidian')
082.750  000.058  000.058: require('cmp_obsidian_new')
082.871  000.051  000.051: require('obsidian.completion.tags')
082.882  000.118  000.067: require('cmp_obsidian_tags')
083.804  000.055  000.055: require('dressing.patch')
083.807  000.721  000.666: require('dressing')
083.815  000.776  000.055: sourcing /home/nclshrnk/.local/share/nvim/lazy/dressing.nvim/plugin/dressing.lua
084.183  000.316  000.316: require('dressing.config')
084.915  000.067  000.067: sourcing /home/nclshrnk/.local/share/nvim/lazy/vim-slime/autoload/slime/config.vim
084.944  000.576  000.508: sourcing /home/nclshrnk/.local/share/nvim/lazy/vim-slime/plugin/slime.vim
085.607  000.016  000.016: sourcing /home/nclshrnk/.local/share/nvim/lazy/themery.nvim/plugin/themery.vim
086.216  000.044  000.044: require('themery.constants')
086.256  000.038  000.038: require('themery.utils')
086.293  000.035  000.035: require('themery.filesystem')
086.342  000.048  000.048: require('themery.config')
086.344  000.234  000.069: require('themery.persistence')
087.148  000.051  000.051: require('themery.window')
087.153  000.808  000.756: require('themery.controller')
088.360  000.073  000.073: require('cyberdream.extensions.base')
088.466  000.072  000.072: require('cyberdream.extensions.mini')
088.867  000.065  000.065: require('cyberdream.extensions.blinkcmp')
089.121  000.049  000.049: require('cyberdream.extensions.alpha')
089.345  000.053  000.053: require('cyberdream.extensions.dashboard')
089.601  000.054  000.054: require('cyberdream.extensions.markview')
090.059  000.069  000.069: require('cyberdream.extensions.kubectl')
090.345  000.052  000.052: require('cyberdream.extensions.hop')
090.650  000.084  000.084: require('cyberdream.extensions.treesitter')
090.998  000.056  000.056: require('cyberdream.extensions.heirline')
091.358  000.087  000.087: require('cyberdream.extensions.telescope')
091.738  000.048  000.048: require('cyberdream.extensions.grapple')
092.135  000.075  000.075: require('cyberdream.extensions.gitpad')
092.526  000.056  000.056: require('cyberdream.extensions.notify')
092.933  000.058  000.058: require('cyberdream.extensions.whichkey')
093.708  000.126  000.126: require('cyberdream.extensions.neogit')
095.368  000.164  000.164: require('cyberdream.extensions.lazy')
096.096  000.045  000.045: require('cyberdream.extensions.gitsigns')
096.279  000.037  000.037: require('cyberdream.extensions.trouble')
096.480  000.041  000.041: require('cyberdream.extensions.markdown')
096.740  000.047  000.047: require('cyberdream.extensions.snacks')
096.933  000.035  000.035: require('cyberdream.extensions.rainbow_delimiters')
097.145  000.039  000.039: require('cyberdream.extensions.treesittercontext')
097.334  000.035  000.035: require('cyberdream.extensions.cmp')
097.523  000.032  000.032: require('cyberdream.extensions.noice')
097.717  000.035  000.035: require('cyberdream.extensions.helpview')
098.059  000.046  000.046: require('cyberdream.extensions.grugfar')
098.250  000.034  000.034: require('cyberdream.extensions.fzflua')
099.204  011.002  009.335: sourcing /home/nclshrnk/.local/share/nvim/lazy/cyberdream.nvim/colors/cyberdream.lua
099.558  013.904  001.860: require('themery')
100.337  000.039  000.039: require('treesitter-context.config')
100.347  000.523  000.484: require('treesitter-context')
100.399  000.609  000.086: sourcing /home/nclshrnk/.local/share/nvim/lazy/nvim-treesitter-context/plugin/treesitter-context.lua
100.560  000.055  000.055: require('vim.treesitter.highlighter')
100.592  000.030  000.030: require('treesitter-context.util')
100.596  000.153  000.068: require('treesitter-context.render')
100.889  000.151  000.151: sourcing /home/nclshrnk/.local/share/nvim/lazy/telescope.nvim/plugin/telescope.lua
101.573  000.057  000.057: require('plenary.strings')
101.604  000.029  000.029: require('telescope.deprecated')
101.749  000.073  000.073: require('plenary.log')
101.791  000.142  000.069: require('telescope.log')
101.883  000.031  000.031: require('telescope.state')
101.896  000.103  000.072: require('telescope.utils')
101.900  000.294  000.050: require('telescope.sorters')
103.147  001.712  001.332: require('telescope.config')
103.276  000.052  000.052: require('plenary.window.border')
103.312  000.034  000.034: require('plenary.window')
103.340  000.027  000.027: require('plenary.popup.utils')
103.343  000.192  000.079: require('plenary.popup')
103.403  000.059  000.059: require('telescope.pickers.scroller')
103.436  000.032  000.032: require('telescope.actions.state')
103.468  000.031  000.031: require('telescope.actions.utils')
103.537  000.032  000.032: require('telescope.actions.mt')
103.549  000.080  000.047: require('telescope.actions.set')
103.616  000.033  000.033: require('telescope.config.resolve')
103.618  000.068  000.035: require('telescope.pickers.entry_display')
103.647  000.028  000.028: require('telescope.from_entry')
103.781  002.871  000.669: require('telescope.actions')
103.854  000.035  000.035: require('telescope._extensions')
103.856  000.073  000.039: require('telescope')
106.280  000.046  000.046: require('gen.prompts')
106.291  000.616  000.569: require('gen')
106.292  000.656  000.040: sourcing /home/nclshrnk/.local/share/nvim/lazy/gen.nvim/plugin/gen.lua
107.881  001.230  001.230: require('rainbow-delimiters.config')
107.951  000.067  000.067: require('rainbow-delimiters.log')
108.131  000.058  000.058: require('rainbow-delimiters.util')
108.135  000.182  000.123: require('rainbow-delimiters.lib')
108.390  000.052  000.052: require('rainbow-delimiters.stack')
108.475  000.039  000.039: require('rainbow-delimiters.set')
108.477  000.085  000.046: require('rainbow-delimiters.match-tree')
108.480  000.245  000.107: require('rainbow-delimiters.strategy.global.current')
108.481  000.292  000.047: require('rainbow-delimiters.strategy.global')
108.492  000.355  000.063: require('rainbow-delimiters.default')
108.517  001.919  000.086: sourcing /home/nclshrnk/.local/share/nvim/lazy/rainbow-delimiters.nvim/plugin/rainbow-delimiters.lua
109.199  000.032  000.032: sourcing /home/nclshrnk/.local/share/nvim/lazy/nvim-web-devicons/plugin/nvim-web-devicons.vim
110.654  001.419  001.419: require('oil')
110.719  000.062  000.062: require('oil.ringbuf')
110.802  000.082  000.082: require('oil.config')
112.366  000.159  000.159: require('oil.log')
112.398  000.309  000.150: require('oil.fs')
112.784  000.113  000.113: require('oil.constants')
112.797  000.398  000.284: require('oil.util')
112.945  000.022  000.022: sourcing /home/nclshrnk/.local/share/nvim/lazy/todo-comments.nvim/plugin/todo.vim
113.816  000.075  000.075: require('todo-comments.util')
113.831  000.210  000.135: require('todo-comments.config')
114.029  000.116  000.116: require('todo-comments.highlight')
114.035  000.203  000.087: require('todo-comments.jump')
114.037  001.073  000.660: require('todo-comments')
114.979  000.088  000.088: require('jupytext.commands')
115.044  000.063  000.063: require('jupytext.utils')
115.048  000.892  000.741: require('jupytext')
115.286  000.021  000.021: sourcing /home/nclshrnk/.local/share/nvim/lazy/tabby.nvim/plugin/tabby.vim
116.288  000.085  000.085: require('tabby.module.highlight')
116.292  000.177  000.092: require('tabby.module.builder')
116.448  000.086  000.086: require('tabby.module.api')
116.633  000.122  000.122: require('tabby.feature.tab_jumper')
116.636  000.186  000.063: require('tabby.feature.tabs')
116.713  000.076  000.076: require('tabby.feature.wins')
116.783  000.068  000.068: require('tabby.feature.bufs')
116.786  000.492  000.076: require('tabby.feature.lines')
116.995  000.085  000.085: require('tabby.module.file_name_resolver')
117.010  000.167  000.082: require('tabby.feature.win_name')
117.015  000.228  000.061: require('tabby.feature.tab_name')
117.082  000.066  000.066: require('tabby.feature.win_picker')
117.089  001.783  000.819: require('tabby.tabline')
117.977  000.086  000.086: require('lsp_lines.render')
117.984  000.720  000.634: require('lsp_lines')
118.031  000.045  000.045: require('lsp_lines.config')
118.046  000.799  000.033: sourcing /home/nclshrnk/.local/share/nvim/lazy/lsp_lines.nvim/plugin/lsplines.vim
118.252  000.058  000.058: sourcing /nix/store/0pws6w23nrgffih3w54ncqmxkxjy2r14-neovim-unwrapped-0.10.2/share/nvim/runtime/plugin/editorconfig.lua
118.414  000.123  000.123: sourcing /nix/store/0pws6w23nrgffih3w54ncqmxkxjy2r14-neovim-unwrapped-0.10.2/share/nvim/runtime/plugin/gzip.vim
118.517  000.063  000.063: sourcing /nix/store/0pws6w23nrgffih3w54ncqmxkxjy2r14-neovim-unwrapped-0.10.2/share/nvim/runtime/plugin/man.lua
119.617  000.138  000.138: sourcing /nix/store/0pws6w23nrgffih3w54ncqmxkxjy2r14-neovim-unwrapped-0.10.2/share/nvim/runtime/pack/dist/opt/matchit/plugin/matchit.vim
119.634  001.048  000.910: sourcing /nix/store/0pws6w23nrgffih3w54ncqmxkxjy2r14-neovim-unwrapped-0.10.2/share/nvim/runtime/plugin/matchit.vim
119.800  000.121  000.121: sourcing /nix/store/0pws6w23nrgffih3w54ncqmxkxjy2r14-neovim-unwrapped-0.10.2/share/nvim/runtime/plugin/matchparen.vim
119.853  000.015  000.015: sourcing /nix/store/0pws6w23nrgffih3w54ncqmxkxjy2r14-neovim-unwrapped-0.10.2/share/nvim/runtime/plugin/netrwPlugin.vim
119.971  000.071  000.071: sourcing /nix/store/0pws6w23nrgffih3w54ncqmxkxjy2r14-neovim-unwrapped-0.10.2/share/nvim/runtime/plugin/osc52.lua
120.104  000.006  000.006: sourcing /nix/store/g512z1qn5sylr0nzchg35mwkc5gxvjj4-neovim-0.10.2/rplugin.vim
120.996  000.114  000.114: sourcing /nix/store/0pws6w23nrgffih3w54ncqmxkxjy2r14-neovim-unwrapped-0.10.2/share/nvim/runtime/autoload/remote/host.vim
121.401  000.110  000.110: sourcing /nix/store/0pws6w23nrgffih3w54ncqmxkxjy2r14-neovim-unwrapped-0.10.2/share/nvim/runtime/autoload/remote/define.vim
122.009  001.830  001.606: sourcing /home/nclshrnk/.local/share/nvim/rplugin.vim
122.016  002.001  000.165: sourcing /nix/store/0pws6w23nrgffih3w54ncqmxkxjy2r14-neovim-unwrapped-0.10.2/share/nvim/runtime/plugin/rplugin.vim
122.096  000.038  000.038: sourcing /nix/store/0pws6w23nrgffih3w54ncqmxkxjy2r14-neovim-unwrapped-0.10.2/share/nvim/runtime/plugin/shada.vim
122.153  000.013  000.013: sourcing /nix/store/0pws6w23nrgffih3w54ncqmxkxjy2r14-neovim-unwrapped-0.10.2/share/nvim/runtime/plugin/spellfile.vim
122.253  000.061  000.061: sourcing /nix/store/0pws6w23nrgffih3w54ncqmxkxjy2r14-neovim-unwrapped-0.10.2/share/nvim/runtime/plugin/tarPlugin.vim
122.348  000.056  000.056: sourcing /nix/store/0pws6w23nrgffih3w54ncqmxkxjy2r14-neovim-unwrapped-0.10.2/share/nvim/runtime/plugin/tohtml.lua
122.440  000.018  000.018: sourcing /nix/store/0pws6w23nrgffih3w54ncqmxkxjy2r14-neovim-unwrapped-0.10.2/share/nvim/runtime/plugin/tutor.vim
122.589  000.102  000.102: sourcing /nix/store/0pws6w23nrgffih3w54ncqmxkxjy2r14-neovim-unwrapped-0.10.2/share/nvim/runtime/plugin/zipPlugin.vim
122.964  000.082  000.082: require('cmp_luasnip')
122.997  000.169  000.086: sourcing /home/nclshrnk/.local/share/nvim/lazy/cmp_luasnip/after/plugin/cmp_luasnip.lua
123.251  000.112  000.112: require('cmp_path')
123.278  000.201  000.088: sourcing /home/nclshrnk/.local/share/nvim/lazy/cmp-path/after/plugin/cmp_path.lua
123.686  000.063  000.063: require('cmp_buffer.timer')
123.690  000.160  000.096: require('cmp_buffer.buffer')
123.693  000.220  000.061: require('cmp_buffer.source')
123.694  000.268  000.048: require('cmp_buffer')
123.712  000.330  000.062: sourcing /home/nclshrnk/.local/share/nvim/lazy/cmp-buffer/after/plugin/cmp_buffer.lua
123.976  000.073  000.073: require('cmp_nvim_lsp.source')
123.980  000.138  000.064: require('cmp_nvim_lsp')
123.987  000.185  000.048: sourcing /home/nclshrnk/.local/share/nvim/lazy/cmp-nvim-lsp/after/plugin/cmp_nvim_lsp.lua
124.034  118.305  040.006: require('user.lazy')
124.291  000.127  000.127: require('user.keymap_utils')
125.525  000.077  000.077: require('harpoon.utils')
125.636  000.108  000.108: require('harpoon.dev')
125.776  000.978  000.792: require('harpoon')
125.886  000.108  000.108: require('harpoon.mark')
125.892  001.599  000.512: require('harpoon.ui')
125.941  000.047  000.047: require('user.open_functions')
126.018  000.075  000.075: require('user.utils')
127.244  000.175  000.175: require('telescope.builtin')
128.716  000.640  000.640: require('ufo')
128.915  000.055  000.055: require('ufo.lib.disposable')
128.991  000.075  000.075: require('ufo.lib.log')
128.995  000.200  000.070: require('ufo.lib.event')
129.108  000.112  000.112: require('ufo.utils')
129.570  000.313  000.313: require('promise-async.utils')
129.726  000.154  000.154: require('promise-async.error')
129.851  000.117  000.117: require('promise-async.loop')
129.865  000.684  000.101: require('promise')
129.873  000.763  000.078: require('ufo.provider')
130.216  000.210  000.210: require('ufo.config')
130.489  000.170  000.170: require('promise-async.compat')
130.508  000.290  000.120: require('async')
131.084  000.276  000.276: require('ufo.model.buffer')
131.265  000.179  000.179: require('ufo.model.foldedline')
131.813  000.361  000.361: require('ufo.highlight')
131.992  000.178  000.178: require('ufo.render.extmark')
132.175  000.181  000.181: require('ufo.render.treesitter')
132.366  000.190  000.190: require('ufo.render.match')
132.392  001.124  000.214: require('ufo.render')
132.419  001.810  000.231: require('ufo.model.foldbuffer')
132.651  000.231  000.231: require('ufo.bufmanager')
133.520  000.288  000.288: require('ufo.wffi')
133.523  000.870  000.583: require('ufo.fold.driver')
133.536  003.027  000.115: require('ufo.fold.manager')
133.740  000.185  000.185: require('ufo.lib.debounce')
133.761  003.887  000.176: require('ufo.fold')
134.279  000.285  000.285: require('ufo.model.window')
134.291  000.529  000.244: require('ufo.decorator')
134.982  000.470  000.470: require('ufo.preview.floatwin')
135.069  000.085  000.085: require('ufo.preview.scrollbar')
135.105  000.034  000.034: require('ufo.preview.winbar')
135.138  000.033  000.033: require('ufo.preview.keymap')
135.144  000.851  000.230: require('ufo.preview')
135.147  006.427  000.085: require('ufo.main')
135.348  008.029  000.962: require('ufo')
135.517  011.481  001.429: require('user.keymaps')
135.594  000.075  000.075: require('user.highlight_yank')
135.670  000.074  000.074: require('user.format_on_save')
135.708  000.036  000.036: require('user.toggle_eslint')
135.784  000.075  000.075: require('user.rotate_windows')
135.838  000.053  000.053: require('user.resize_windows')
135.877  000.038  000.038: require('user.vertical_help')
135.906  000.028  000.028: require('user.edit_text')
135.948  000.041  000.041: require('user.light_dark_toggle')
135.982  000.033  000.033: require('user.toggle_diagnostics')
135.984  131.708  000.060: require('user')
136.063  000.078  000.078: require('concealercust')
136.065  131.809  000.022: sourcing /home/nclshrnk/.config/nvim/init.lua
136.078  000.400: sourcing vimrc file(s)
136.594  000.083  000.083: sourcing /nix/store/0pws6w23nrgffih3w54ncqmxkxjy2r14-neovim-unwrapped-0.10.2/share/nvim/runtime/filetype.lua
137.002  000.055  000.055: sourcing /nix/store/0pws6w23nrgffih3w54ncqmxkxjy2r14-neovim-unwrapped-0.10.2/share/nvim/runtime/syntax/synload.vim
137.070  000.361  000.307: sourcing /nix/store/0pws6w23nrgffih3w54ncqmxkxjy2r14-neovim-unwrapped-0.10.2/share/nvim/runtime/syntax/syntax.vim
137.082  000.560: inits 3
138.120  001.038: reading ShaDa
138.354  000.071  000.071: require('luasnip.loaders.from_lua')
138.424  000.066  000.066: require('luasnip.loaders.from_snipmate')
138.540  000.282: opening buffers
139.401  000.092  000.092: require('fidget.log')
139.407  000.717  000.625: require('fidget')
139.505  000.064  000.064: require('fidget.spinners')
140.393  000.587  000.587: require('img-clip.debug')
140.454  000.058  000.058: require('img-clip.config')
140.495  000.040  000.040: require('img-clip.util')
140.607  000.036  000.036: require('img-clip.clipboard')
140.681  000.040  000.040: require('img-clip.fs')
140.684  000.076  000.036: require('img-clip.markup')
140.688  000.154  000.042: require('img-clip.paste')
140.690  000.194  000.040: require('img-clip')
140.698  000.949  000.070: sourcing /home/nclshrnk/.local/share/nvim/lazy/img-clip.nvim/plugin/img-clip.lua
141.648  000.104  000.104: sourcing /home/nclshrnk/.local/share/nvim/lazy/nvim-ts-context-commentstring/plugin/ts_context_commentstring.lua
142.250  000.575  000.575: require('ts_context_commentstring')
142.300  000.048  000.048: require('ts_context_commentstring.config')
142.526  000.046  000.046: require('Comment.config')
142.632  000.060  000.060: require('Comment.ft')
142.636  000.107  000.047: require('Comment.utils')
142.672  000.035  000.035: require('Comment.opfunc')
142.705  000.032  000.032: require('Comment.extra')
142.740  000.303  000.083: require('Comment.api')
142.799  000.430  000.127: sourcing /home/nclshrnk/.local/share/nvim/lazy/Comment.nvim/plugin/Comment.lua
142.864  000.038  000.038: require('Comment')
142.899  000.033  000.033: require('ts_context_commentstring.integrations.comment_nvim')
143.030  001.532: BufEnter autocommands
143.032  000.002: editing files in windows
143.035  000.003: VimEnter autocommands
143.326  000.089  000.089: require('snacks.util')
143.355  000.290  000.202: require('snacks.dashboard')
144.552  000.095  000.095: require('snacks.scroll')
144.614  000.051  000.051: require('snacks.animate')
144.791  000.131  000.131: require('snacks.input')
144.843  000.048  000.048: require('snacks.picker')
144.895  000.050  000.050: require('snacks.picker.config')
145.082  000.185  000.185: require('snacks.picker.config.highlights')
145.178  000.094  000.094: require('snacks.picker.config.defaults')
145.310  000.129  000.129: require('snacks.picker.config.sources')
145.369  000.058  000.058: require('snacks.picker.config.layouts')
146.928  002.761: UIEnter autocommands
147.565  000.337  000.337: sourcing /nix/store/0pws6w23nrgffih3w54ncqmxkxjy2r14-neovim-unwrapped-0.10.2/share/nvim/runtime/autoload/provider/clipboard.vim
147.573  000.308: before starting main loop
1063.234  915.661: first screen update
1063.237  000.002: --- NVIM STARTED ---

